[2025-06-14T05:10:54.471Z] TypeError: client.sendButtons is not a function
    at enviarMensajeGrupoActivacion (/workspaces/bot-vendedores/bot.js:194:16)
    at async /workspaces/bot-vendedores/bot.js:99:3
[2025-06-14T05:13:03.835Z] TypeError: client.sendButtons is not a function
    at enviarMensajeGrupoActivacion (/workspaces/bot-vendedores/bot.js:200:16)
    at async /workspaces/bot-vendedores/bot.js:105:3
[2025-06-14T05:27:15.760Z] TypeError: client.sendTextWithMentions is not a function
    at procesarComando (/workspaces/bot-vendedores/bot.js:485:23)
    at EventEmitter.onMessageHandler (/workspaces/bot-vendedores/bot.js:187:14)
    at EventEmitter.emit (node:events:524:28)
    at /workspaces/bot-vendedores/node_modules/@wppconnect-team/wppconnect/dist/api/layers/listener.layer.js:154:87
[2025-06-14T14:27:21.241Z] TypeError: client.getGroupMetadata is not a function
    at procesarComando (/workspaces/bot-vendedores/bot.js:368:36)
    at EventEmitter.onMessageHandler (/workspaces/bot-vendedores/bot.js:270:18)
    at EventEmitter.emit (node:events:524:28)
    at /workspaces/bot-vendedores/node_modules/@wppconnect-team/wppconnect/dist/api/layers/listener.layer.js:154:87
[2025-06-14T15:06:03.913Z] TypeError: client.getGroupMetadata is not a function
    at EventEmitter.<anonymous> (/workspaces/bot-vendedores/bot.js:103:35)
    at EventEmitter.emit (node:events:524:28)
    at /workspaces/bot-vendedores/node_modules/@wppconnect-team/wppconnect/dist/api/layers/listener.layer.js:154:87
[2025-06-14T15:07:34.098Z] TypeError: client.getGroupMetadata is not a function
    at EventEmitter.<anonymous> (/workspaces/bot-vendedores/bot.js:103:35)
    at EventEmitter.emit (node:events:524:28)
    at /workspaces/bot-vendedores/node_modules/@wppconnect-team/wppconnect/dist/api/layers/listener.layer.js:154:87
[2025-06-14T15:08:08.853Z] TypeError: client.getGroupMetadata is not a function
    at EventEmitter.<anonymous> (/workspaces/bot-vendedores/bot.js:103:35)
    at EventEmitter.emit (node:events:524:28)
    at /workspaces/bot-vendedores/node_modules/@wppconnect-team/wppconnect/dist/api/layers/listener.layer.js:154:87
[2025-06-14T15:08:31.411Z] TypeError: client.getGroupMetadata is not a function
    at EventEmitter.<anonymous> (/workspaces/bot-vendedores/bot.js:103:35)
    at EventEmitter.emit (node:events:524:28)
    at /workspaces/bot-vendedores/node_modules/@wppconnect-team/wppconnect/dist/api/layers/listener.layer.js:154:87
[2025-06-14T15:13:08.626Z] Error: Failed to launch the browser process!
[40407:40407:0614/151308.530751:ERROR:process_singleton_posix.cc(335)] Failed to create /workspaces/bot-vendedores/tokens/bot-vendedor/SingletonLock: File exists (17)
[40407:40407:0614/151308.569615:ERROR:chrome_main_delegate.cc(555)] Failed to create a ProcessSingleton for your profile directory. This means that running multiple instances would start multiple browser processes rather than opening a new window in the existing process. Aborting now to avoid profile corruption.


TROUBLESHOOTING: https://pptr.dev/troubleshooting

    at Interface.onClose (/workspaces/bot-vendedores/node_modules/@puppeteer/browsers/lib/cjs/launch.js:325:24)
    at Interface.emit (node:events:536:35)
    at Interface.close (node:internal/readline/interface:527:10)
    at Socket.onend (node:internal/readline/interface:253:10)
    at Socket.emit (node:events:536:35)
    at endReadableNT (node:internal/streams/readable:1698:12)
    at process.processTicksAndRejections (node:internal/process/task_queues:82:21)
[2025-06-14T15:16:39.877Z] Error: Failed to launch the browser process! undefined
[42215:42215:0614/151639.829500:ERROR:process_singleton_posix.cc(335)] Failed to create /workspaces/bot-vendedores/tokens/bot-vendedor/SingletonLock: File exists (17)
[42215:42215:0614/151639.829826:ERROR:chrome_main_delegate.cc(555)] Failed to create a ProcessSingleton for your profile directory. This means that running multiple instances would start multiple browser processes rather than opening a new window in the existing process. Aborting now to avoid profile corruption.


TROUBLESHOOTING: https://pptr.dev/troubleshooting

    at ChildProcess.onClose (/workspaces/bot-vendedores/node_modules/@puppeteer/browsers/lib/cjs/launch.js:325:24)
    at ChildProcess.emit (node:events:536:35)
    at ChildProcess._handle.onexit (node:internal/child_process:293:12)
[2025-06-14T15:17:17.958Z] Error: Failed to launch the browser process!
[42676:42676:0614/151717.894029:ERROR:process_singleton_posix.cc(335)] Failed to create /workspaces/bot-vendedores/tokens/bot-vendedor/SingletonLock: File exists (17)
[42676:42676:0614/151717.894344:ERROR:chrome_main_delegate.cc(555)] Failed to create a ProcessSingleton for your profile directory. This means that running multiple instances would start multiple browser processes rather than opening a new window in the existing process. Aborting now to avoid profile corruption.


TROUBLESHOOTING: https://pptr.dev/troubleshooting

    at Interface.onClose (/workspaces/bot-vendedores/node_modules/@puppeteer/browsers/lib/cjs/launch.js:325:24)
    at Interface.emit (node:events:536:35)
    at Interface.close (node:internal/readline/interface:527:10)
    at Socket.onend (node:internal/readline/interface:253:10)
    at Socket.emit (node:events:536:35)
    at endReadableNT (node:internal/streams/readable:1698:12)
    at process.processTicksAndRejections (node:internal/process/task_queues:82:21)
[2025-06-14T15:17:38.642Z] Error: Failed to launch the browser process! undefined
[43043:43043:0614/151738.617622:ERROR:process_singleton_posix.cc(335)] Failed to create /workspaces/bot-vendedores/tokens/bot-vendedor/SingletonLock: File exists (17)
[43043:43043:0614/151738.619684:ERROR:chrome_main_delegate.cc(555)] Failed to create a ProcessSingleton for your profile directory. This means that running multiple instances would start multiple browser processes rather than opening a new window in the existing process. Aborting now to avoid profile corruption.


TROUBLESHOOTING: https://pptr.dev/troubleshooting

    at ChildProcess.onClose (/workspaces/bot-vendedores/node_modules/@puppeteer/browsers/lib/cjs/launch.js:325:24)
    at ChildProcess.emit (node:events:536:35)
    at ChildProcess._handle.onexit (node:internal/child_process:293:12)
[2025-06-14T15:22:55.608Z] Error: Failed to launch the browser process!
[47076:47076:0614/152255.591116:ERROR:process_singleton_posix.cc(335)] Failed to create /workspaces/bot-vendedores/tokens/bot-vendedor/SingletonLock: File exists (17)
[47076:47076:0614/152255.592196:ERROR:chrome_main_delegate.cc(555)] Failed to create a ProcessSingleton for your profile directory. This means that running multiple instances would start multiple browser processes rather than opening a new window in the existing process. Aborting now to avoid profile corruption.


TROUBLESHOOTING: https://pptr.dev/troubleshooting

    at Interface.onClose (/workspaces/bot-vendedores/node_modules/@puppeteer/browsers/lib/cjs/launch.js:325:24)
    at Interface.emit (node:events:536:35)
    at Interface.close (node:internal/readline/interface:527:10)
    at Socket.onend (node:internal/readline/interface:253:10)
    at Socket.emit (node:events:536:35)
    at endReadableNT (node:internal/streams/readable:1698:12)
    at process.processTicksAndRejections (node:internal/process/task_queues:82:21)
[2025-06-14T15:23:10.880Z] Error: Failed to launch the browser process! undefined
[47294:47294:0614/152310.771559:ERROR:process_singleton_posix.cc(335)] Failed to create /workspaces/bot-vendedores/tokens/bot-vendedor/SingletonLock: File exists (17)
[47294:47294:0614/152310.794024:ERROR:chrome_main_delegate.cc(555)] Failed to create a ProcessSingleton for your profile directory. This means that running multiple instances would start multiple browser processes rather than opening a new window in the existing process. Aborting now to avoid profile corruption.


TROUBLESHOOTING: https://pptr.dev/troubleshooting

    at ChildProcess.onClose (/workspaces/bot-vendedores/node_modules/@puppeteer/browsers/lib/cjs/launch.js:325:24)
    at ChildProcess.emit (node:events:536:35)
    at ChildProcess._handle.onexit (node:internal/child_process:293:12)
[2025-06-14T15:26:01.050Z] Auto Close Called
[2025-06-14T15:55:30.629Z] Error: WPP is not defined
    at /workspaces/bot-vendedores/node_modules/@wppconnect-team/wppconnect/dist/api/helpers/evaluate-and-return.js:107:31
    at step (/workspaces/bot-vendedores/node_modules/@wppconnect-team/wppconnect/dist/api/helpers/evaluate-and-return.js:49:23)
    at Object.next (/workspaces/bot-vendedores/node_modules/@wppconnect-team/wppconnect/dist/api/helpers/evaluate-and-return.js:30:53)
    at fulfilled (/workspaces/bot-vendedores/node_modules/@wppconnect-team/wppconnect/dist/api/helpers/evaluate-and-return.js:21:58)
JS Stack: ReferenceError: WPP is not defined
    at pptr:evaluate;%2Fworkspaces%2Fbot-vendedores%2Fnode_modules%2F%40wppconnect-team%2Fwppconnect%2Fdist%2Fapi%2Fhelpers%2Fevaluate-and-return.js%3A99%3A56:61:66
    at step (pptr:evaluate;%2Fworkspaces%2Fbot-vendedores%2Fnode_modules%2F%40wppconnect-team%2Fwppconnect%2Fdist%2Fapi%2Fhelpers%2Fevaluate-and-return.js%3A99%3A56:47:27)
    at Object.next (pptr:evaluate;%2Fworkspaces%2Fbot-vendedores%2Fnode_modules%2F%40wppconnect-team%2Fwppconnect%2Fdist%2Fapi%2Fhelpers%2Fevaluate-and-return.js%3A99%3A56:28:57)
    at pptr:evaluate;%2Fworkspaces%2Fbot-vendedores%2Fnode_modules%2F%40wppconnect-team%2Fwppconnect%2Fdist%2Fapi%2Fhelpers%2Fevaluate-and-return.js%3A99%3A56:22:75
    at new Promise (<anonymous>)
    at __awaiter (pptr:evaluate;%2Fworkspaces%2Fbot-vendedores%2Fnode_modules%2F%40wppconnect-team%2Fwppconnect%2Fdist%2Fapi%2Fhelpers%2Fevaluate-and-return.js%3A99%3A56:18:16)
    at pptr:evaluate;%2Fworkspaces%2Fbot-vendedores%2Fnode_modules%2F%40wppconnect-team%2Fwppconnect%2Fdist%2Fapi%2Fhelpers%2Fevaluate-and-return.js%3A99%3A56:56:56
    at pptr:evaluate;%2Fworkspaces%2Fbot-vendedores%2Fnode_modules%2F%40wppconnect-team%2Fwppconnect%2Fdist%2Fapi%2Fhelpers%2Fevaluate-and-return.js%3A99%3A56:68:32
    at new Promise (<anonymous>)
    at anonymous (pptr:evaluate;%2Fworkspaces%2Fbot-vendedores%2Fnode_modules%2F%40wppconnect-team%2Fwppconnect%2Fdist%2Fapi%2Fhelpers%2Fevaluate-and-return.js%3A99%3A56:54:14)
Function: function (_a) { return __awaiter(_this, [_a], void 0, function (_b) {
                            var chats, serialized;
                            var options = _b.options;
                            return __generator(this, function (_c) {
                                switch (_c.label) {
                                    case 0: return [4 /*yield*/, WPP.chat.list(options)];
                                    case 1:
                                        chats = _c.sent();
                                        serialized = chats.map(function (c) { return WAPI._serializeChatObj(c); });
                                        return [2 /*return*/, serialized];
                                }
                            });
                        }); }
[2025-06-14T15:56:56.501Z] Error: Failed to launch the browser process! undefined
[63756:63756:0614/155656.472541:ERROR:process_singleton_posix.cc(335)] Failed to create /workspaces/bot-vendedores/tokens/bot-vendedor/SingletonLock: File exists (17)
[63756:63756:0614/155656.472847:ERROR:chrome_main_delegate.cc(555)] Failed to create a ProcessSingleton for your profile directory. This means that running multiple instances would start multiple browser processes rather than opening a new window in the existing process. Aborting now to avoid profile corruption.


TROUBLESHOOTING: https://pptr.dev/troubleshooting

    at ChildProcess.onClose (/workspaces/bot-vendedores/node_modules/@puppeteer/browsers/lib/cjs/launch.js:325:24)
    at ChildProcess.emit (node:events:536:35)
    at ChildProcess._handle.onexit (node:internal/child_process:293:12)
[2025-06-14T16:01:04.603Z] Auto Close Called
